TN:
SF:src/AAMintPass.sol
FN:55,AAMintPass.transferOwnership
FNDA:2,AAMintPass.transferOwnership
DA:56,2
BRDA:56,0,0,-
BRDA:56,0,1,-
DA:57,1
DA:58,1
DA:59,2
FN:65,AAMintPass.addAdmin
FNDA:3,AAMintPass.addAdmin
DA:66,3
BRDA:66,1,0,-
BRDA:66,1,1,-
DA:67,3
FN:72,AAMintPass.removeAdmin
FNDA:2,AAMintPass.removeAdmin
DA:73,2
BRDA:73,2,0,-
BRDA:73,2,1,-
DA:74,2
FN:79,AAMintPass.setFighterFarmAddress
FNDA:84,AAMintPass.setFighterFarmAddress
DA:80,84
BRDA:80,3,0,-
BRDA:80,3,1,-
DA:81,84
FN:86,AAMintPass.setDelegatedAddress
FNDA:2,AAMintPass.setDelegatedAddress
DA:87,2
BRDA:87,4,0,-
BRDA:87,4,1,-
DA:88,2
FN:93,AAMintPass.setPaused
FNDA:85,AAMintPass.setPaused
DA:94,85
BRDA:94,5,0,-
BRDA:94,5,1,-
DA:95,85
FN:109,AAMintPass.claimMintPass
FNDA:3,AAMintPass.claimMintPass
DA:116,3
BRDA:116,6,0,-
BRDA:116,6,1,-
DA:117,2
DA:125,2
BRDA:125,7,0,2
BRDA:125,7,1,-
DA:126,2
DA:127,2
BRDA:127,8,0,-
BRDA:127,8,1,-
DA:128,2
DA:129,2
DA:130,2
DA:131,2
FN:137,AAMintPass.burn
FNDA:2,AAMintPass.burn
DA:138,2
BRDA:138,9,0,2
BRDA:138,9,1,1
DA:139,2
DA:140,2
DA:141,2
FN:145,AAMintPass.totalSupply
FNDA:2,AAMintPass.totalSupply
DA:146,2
FN:150,AAMintPass.contractURI
FNDA:0,AAMintPass.contractURI
DA:151,0
FN:156,AAMintPass.tokenURI
FNDA:1,AAMintPass.tokenURI
DA:157,1
BRDA:157,10,0,-
BRDA:157,10,1,-
DA:158,1
FN:164,AAMintPass.createMintPass
FNDA:2,AAMintPass.createMintPass
DA:165,2
DA:166,2
DA:167,2
DA:168,2
FNF:12
FNH:11
LF:35
LH:34
BRF:22
BRH:3
end_of_record
TN:
SF:src/AiArenaHelper.sol
FN:60,AiArenaHelper.transferOwnership
FNDA:2,AiArenaHelper.transferOwnership
DA:61,2
BRDA:61,0,0,-
BRDA:61,0,1,-
DA:62,2
FN:67,AiArenaHelper.addAttributeDivisor
FNDA:2,AiArenaHelper.addAttributeDivisor
DA:68,2
BRDA:68,1,0,-
BRDA:68,1,1,-
DA:69,1
BRDA:69,2,0,-
BRDA:69,2,1,-
DA:71,1
DA:72,1
DA:73,6
FN:82,AiArenaHelper.createPhysicalAttributes
FNDA:53,AiArenaHelper.createPhysicalAttributes
DA:83,53
BRDA:83,3,0,1
BRDA:83,3,1,52
DA:84,1
DA:87,52
DA:89,52
DA:90,52
DA:92,312
BRDA:91,4,0,312
BRDA:91,4,1,52
DA:96,2
DA:98,310
DA:99,310
DA:100,310
DA:103,52
DA:104,52
FN:123,AiArenaHelper.addAttributeProbabilities
FNDA:1,AiArenaHelper.addAttributeProbabilities
DA:124,1
BRDA:124,5,0,-
BRDA:124,5,1,-
DA:126,1
BRDA:126,6,0,-
BRDA:126,6,1,-
DA:128,1
DA:129,1
DA:131,6
FN:138,AiArenaHelper.deleteAttributeProbabilities
FNDA:4,AiArenaHelper.deleteAttributeProbabilities
DA:139,4
BRDA:139,7,0,-
BRDA:139,7,1,-
DA:141,2
DA:142,2
DA:144,12
FN:152,AiArenaHelper.getAttributeProbabilities
FNDA:314,AiArenaHelper.getAttributeProbabilities
DA:153,314
FN:160,AiArenaHelper.dnaToIndex
FNDA:311,AiArenaHelper.dnaToIndex
DA:161,311
DA:163,311
DA:164,311
DA:165,311
DA:166,764
DA:167,764
BRDA:167,8,0,494
BRDA:167,8,1,270
DA:168,270
DA:169,0
DA:172,0
FNF:7
FNH:7
LF:38
LH:36
BRF:18
BRH:6
end_of_record
TN:
SF:src/FighterFarm.sol
FN:119,FighterFarm.transferOwnership
FNDA:2,FighterFarm.transferOwnership
DA:120,2
BRDA:120,0,0,-
BRDA:120,0,1,-
DA:121,2
FN:128,FighterFarm.incrementGeneration
FNDA:4,FighterFarm.incrementGeneration
DA:129,4
BRDA:129,1,0,-
BRDA:129,1,1,-
DA:130,2
DA:131,2
DA:132,4
FN:138,FighterFarm.addStaker
FNDA:51,FighterFarm.addStaker
DA:139,51
BRDA:139,2,0,-
BRDA:139,2,1,-
DA:140,51
FN:146,FighterFarm.instantiateAIArenaHelperContract
FNDA:97,FighterFarm.instantiateAIArenaHelperContract
DA:147,97
BRDA:147,3,0,-
BRDA:147,3,1,-
DA:148,97
FN:154,FighterFarm.instantiateMintpassContract
FNDA:84,FighterFarm.instantiateMintpassContract
DA:155,84
BRDA:155,4,0,-
BRDA:155,4,1,-
DA:156,84
FN:162,FighterFarm.instantiateNeuronContract
FNDA:97,FighterFarm.instantiateNeuronContract
DA:163,97
BRDA:163,5,0,-
BRDA:163,5,1,-
DA:164,97
FN:170,FighterFarm.setMergingPoolAddress
FNDA:138,FighterFarm.setMergingPoolAddress
DA:171,138
BRDA:171,6,0,-
BRDA:171,6,1,-
DA:172,138
FN:179,FighterFarm.setTokenURI
FNDA:3,FighterFarm.setTokenURI
DA:180,3
BRDA:180,7,0,-
BRDA:180,7,1,-
DA:181,3
FN:190,FighterFarm.claimFighters
FNDA:2,FighterFarm.claimFighters
DA:192,2
DA:194,2
BRDA:194,8,0,2
BRDA:194,8,1,-
DA:196,1
DA:197,1
BRDA:197,9,0,1
BRDA:197,9,1,1
DA:199,1
DA:200,1
DA:202,1
DA:203,1
FN:224,FighterFarm.redeemMintPass
FNDA:1,FighterFarm.redeemMintPass
DA:232,1
BRDA:232,10,0,1
BRDA:232,10,1,1
DA:240,1
DA:241,1
BRDA:241,11,0,1
BRDA:241,11,1,-
DA:243,1
DA:244,1
FN:260,FighterFarm.updateFighterStaking
FNDA:23,FighterFarm.updateFighterStaking
DA:262,23
BRDA:262,12,0,-
BRDA:262,12,1,-
DA:263,23
DA:264,23
BRDA:264,13,0,20
BRDA:264,13,1,3
DA:265,20
DA:267,3
FN:276,FighterFarm.updateModel
FNDA:2,FighterFarm.updateModel
DA:278,2
BRDA:278,14,0,-
BRDA:278,14,1,-
DA:279,2
DA:280,2
DA:281,1
DA:282,2
FN:287,FighterFarm.doesTokenExist
FNDA:2,FighterFarm.doesTokenExist
DA:288,2
FN:301,FighterFarm.mintFromMergingPool
FNDA:45,FighterFarm.mintFromMergingPool
DA:302,45
BRDA:302,15,0,-
BRDA:302,15,1,-
DA:303,45
FN:319,FighterFarm.transferFrom
FNDA:1,FighterFarm.transferFrom
DA:320,1
BRDA:320,16,0,-
BRDA:320,16,1,-
DA:321,1
FN:329,FighterFarm.safeTransferFrom
FNDA:1,FighterFarm.safeTransferFrom
DA:330,1
BRDA:330,17,0,-
BRDA:330,17,1,-
DA:331,1
FN:337,FighterFarm.reRoll
FNDA:5,FighterFarm.reRoll
DA:338,5
BRDA:338,18,0,-
BRDA:338,18,1,-
DA:339,5
BRDA:339,19,0,-
BRDA:339,19,1,-
DA:340,4
BRDA:340,20,0,4
BRDA:340,20,1,-
DA:342,4
DA:343,4
DA:346,4
BRDA:346,21,0,4
BRDA:346,21,1,-
DA:347,4
DA:348,4
DA:349,4
DA:352,4
DA:353,4
DA:354,4
DA:360,4
FN:366,FighterFarm.contractURI
FNDA:0,FighterFarm.contractURI
DA:367,0
FN:373,FighterFarm.tokenURI
FNDA:2,FighterFarm.tokenURI
DA:374,2
FN:381,FighterFarm.supportsInterface
FNDA:0,FighterFarm.supportsInterface
DA:382,0
FN:387,FighterFarm.getAllFighterInfo
FNDA:1,FighterFarm.getAllFighterInfo
DA:388,1
FN:399,FighterFarm._beforeTokenTransfer
FNDA:48,FighterFarm._beforeTokenTransfer
DA:400,48
FN:411,FighterFarm._createFighterBase
FNDA:6,FighterFarm._createFighterBase
DA:413,6
DA:414,6
DA:415,6
DA:416,6
FN:427,FighterFarm._createNewFighter
FNDA:47,FighterFarm._createNewFighter
DA:436,47
BRDA:436,22,0,-
BRDA:436,22,1,-
DA:437,47
DA:438,47
DA:439,47
DA:441,47
BRDA:441,23,0,2
BRDA:441,23,1,45
DA:442,2
DA:444,45
DA:445,45
DA:446,45
DA:448,47
DA:450,47
DA:451,47
DA:454,47
DA:456,47
DA:458,47
FN:467,FighterFarm._ableToTransfer
FNDA:2,FighterFarm._ableToTransfer
DA:468,2
FNF:25
FNH:23
LF:86
LH:84
BRF:48
BRH:12
end_of_record
TN:
SF:src/FighterOps.sol
FN:47,FighterOps.fighterCreatedEmitter
FNDA:47,FighterOps.fighterCreatedEmitter
DA:48,47
FN:54,FighterOps.getFighterAttributes
FNDA:1,FighterOps.getFighterAttributes
DA:56,1
FN:67,FighterOps.viewFighterInfo
FNDA:1,FighterOps.viewFighterInfo
DA:68,1
FNF:3
FNH:3
LF:3
LH:3
BRF:0
BRH:0
end_of_record
TN:
SF:src/GameItems.sol
FN:107,GameItems.transferOwnership
FNDA:2,GameItems.transferOwnership
DA:108,2
BRDA:108,0,0,-
BRDA:108,0,1,-
DA:109,2
FN:116,GameItems.adjustAdminAccess
FNDA:4,GameItems.adjustAdminAccess
DA:117,4
BRDA:117,1,0,-
BRDA:117,1,1,-
DA:118,4
FN:125,GameItems.adjustTransferability
FNDA:2,GameItems.adjustTransferability
DA:126,2
BRDA:126,2,0,-
BRDA:126,2,1,-
DA:127,1
DA:128,1
BRDA:128,3,0,-
BRDA:128,3,1,1
DA:129,0
DA:131,1
FN:138,GameItems.instantiateNeuronContract
FNDA:35,GameItems.instantiateNeuronContract
DA:139,35
BRDA:139,4,0,-
BRDA:139,4,1,-
DA:140,35
FN:146,GameItems.mint
FNDA:14,GameItems.mint
DA:149,14
BRDA:149,5,0,-
BRDA:149,5,1,-
DA:150,14
DA:151,14
BRDA:151,6,0,14
BRDA:151,6,1,-
DA:154,13
BRDA:154,7,0,13
BRDA:154,7,1,13
DA:155,13
BRDA:155,8,0,13
BRDA:155,8,1,1
DA:164,12
DA:166,13
DA:167,12
BRDA:167,9,0,12
BRDA:167,9,1,12
DA:168,12
BRDA:168,10,0,12
BRDA:168,10,1,12
DA:171,12
DA:175,12
DA:177,12
BRDA:177,11,0,12
BRDA:177,11,1,12
DA:178,12
DA:181,12
DA:182,12
FN:193,GameItems.setAllowedBurningAddresses
FNDA:12,GameItems.setAllowedBurningAddresses
DA:194,12
BRDA:194,12,0,-
BRDA:194,12,1,-
DA:195,12
FN:202,GameItems.setTokenURI
FNDA:37,GameItems.setTokenURI
DA:203,37
BRDA:203,13,0,-
BRDA:203,13,1,-
DA:204,37
FN:216,GameItems.createGameItem
FNDA:36,GameItems.createGameItem
DA:218,36
BRDA:218,14,0,-
BRDA:218,14,1,-
DA:219,36
DA:220,36
BRDA:220,15,0,35
BRDA:220,15,1,1
DA:221,1
DA:223,36
DA:224,35
FN:232,GameItems.burn
FNDA:4,GameItems.burn
DA:233,4
BRDA:233,16,0,-
BRDA:233,16,1,-
DA:234,4
FN:239,GameItems.contractURI
FNDA:1,GameItems.contractURI
DA:240,1
FN:246,GameItems.uri
FNDA:3,GameItems.uri
DA:248,3
DA:249,3
BRDA:249,17,0,-
BRDA:249,17,1,3
DA:250,3
DA:252,0
FN:259,GameItems.getAllowanceRemaining
FNDA:3,GameItems.getAllowanceRemaining
DA:260,3
DA:261,3
BRDA:261,18,0,3
BRDA:261,18,1,2
DA:262,2
DA:264,3
FN:270,GameItems.remainingSupply
FNDA:5,GameItems.remainingSupply
DA:271,5
FN:276,GameItems.uniqueTokensOutstanding
FNDA:2,GameItems.uniqueTokensOutstanding
DA:277,2
FN:282,GameItems.safeTransferFrom
FNDA:1,GameItems.safeTransferFrom
DA:283,1
BRDA:283,19,0,-
BRDA:283,19,1,-
DA:284,1
FN:294,GameItems._replenishDailyAllowance
FNDA:12,GameItems._replenishDailyAllowance
DA:295,12
DA:296,12
FNF:16
FNH:16
LF:53
LH:51
BRF:40
BRH:17
end_of_record
TN:
SF:src/MergingPool.sol
FN:84,MergingPool.transferOwnership
FNDA:2,MergingPool.transferOwnership
DA:85,2
BRDA:85,0,0,-
BRDA:85,0,1,-
DA:86,2
FN:93,MergingPool.adjustAdminAccess
FNDA:3,MergingPool.adjustAdminAccess
DA:94,3
BRDA:94,1,0,-
BRDA:94,1,1,-
DA:95,3
FN:101,MergingPool.updateWinnersPerPeriod
FNDA:2,MergingPool.updateWinnersPerPeriod
DA:102,2
BRDA:102,2,0,-
BRDA:102,2,1,-
DA:103,2
FN:113,MergingPool.pickWinner
FNDA:6,MergingPool.pickWinner
DA:114,6
BRDA:114,3,0,-
BRDA:114,3,1,-
DA:115,6
BRDA:115,4,0,-
BRDA:115,4,1,-
DA:116,5
BRDA:116,5,0,-
BRDA:116,5,1,-
DA:117,0
DA:118,5
DA:120,5
DA:121,10
DA:124,10
DA:125,10
DA:128,5
DA:129,5
DA:131,5
FN:141,MergingPool.claimRewards
FNDA:2,MergingPool.claimRewards
DA:143,2
DA:144,2
DA:145,2
DA:147,4
DA:148,4
DA:149,4
DA:150,4
DA:151,8
BRDA:151,6,0,4
BRDA:151,6,1,-
DA:153,4
DA:154,4
DA:158,2
BRDA:158,7,0,2
BRDA:158,7,1,2
DA:159,2
FN:166,MergingPool.getUnclaimedRewards
FNDA:2,MergingPool.getUnclaimedRewards
DA:167,2
DA:168,2
DA:169,2
DA:170,2
DA:171,2
DA:172,2
DA:173,4
BRDA:173,8,0,4
BRDA:173,8,1,4
DA:174,4
DA:178,0
FN:189,MergingPool.addPoints
FNDA:10,MergingPool.addPoints
DA:190,10
BRDA:190,9,0,-
BRDA:190,9,1,-
DA:191,9
DA:192,9
DA:193,9
FN:200,MergingPool.getFighterPoints
FNDA:2,MergingPool.getFighterPoints
DA:202,2
DA:203,2
DA:204,3
DA:206,1
FNF:8
FNH:8
LF:47
LH:45
BRF:20
BRH:5
end_of_record
TN:
SF:src/Neuron.sol
FN:87,Neuron.transferOwnership
FNDA:2,Neuron.transferOwnership
DA:88,2
BRDA:88,0,0,-
BRDA:88,0,1,-
DA:89,2
FN:95,Neuron.addMinter
FNDA:52,Neuron.addMinter
DA:96,52
BRDA:96,1,0,-
BRDA:96,1,1,-
DA:97,52
FN:103,Neuron.addStaker
FNDA:43,Neuron.addStaker
DA:104,43
BRDA:104,2,0,-
BRDA:104,2,1,-
DA:105,43
FN:111,Neuron.addSpender
FNDA:39,Neuron.addSpender
DA:112,39
BRDA:112,3,0,-
BRDA:112,3,1,-
DA:113,39
FN:120,Neuron.adjustAdminAccess
FNDA:2,Neuron.adjustAdminAccess
DA:121,2
BRDA:121,4,0,-
BRDA:121,4,1,-
DA:122,2
FN:129,Neuron.setupAirdrop
FNDA:3,Neuron.setupAirdrop
DA:130,3
BRDA:130,5,0,-
BRDA:130,5,1,-
DA:131,2
BRDA:131,6,0,-
BRDA:131,6,1,-
DA:132,0
DA:134,2
DA:136,3
FN:142,Neuron.claim
FNDA:2,Neuron.claim
DA:143,2
BRDA:143,7,0,-
BRDA:143,7,1,-
DA:144,1
DA:145,1
FN:156,Neuron.mint
FNDA:12,Neuron.mint
DA:158,12
BRDA:158,8,0,-
BRDA:158,8,1,-
DA:159,11
BRDA:159,9,0,-
BRDA:159,9,1,-
DA:160,12
FN:165,Neuron.burn
FNDA:2,Neuron.burn
DA:166,2
FN:173,Neuron.approveSpender
FNDA:19,Neuron.approveSpender
DA:174,19
BRDA:174,10,0,-
BRDA:174,10,1,-
DA:178,19
FN:188,Neuron.approveStaker
FNDA:20,Neuron.approveStaker
DA:189,20
BRDA:189,11,0,-
BRDA:189,11,1,-
DA:193,20
FN:200,Neuron.burnFrom
FNDA:1,Neuron.burnFrom
DA:201,1
BRDA:201,12,0,-
BRDA:201,12,1,-
DA:202,1
DA:203,1
DA:204,1
FNF:12
FNH:12
LF:30
LH:29
BRF:26
BRH:0
end_of_record
TN:
SF:src/RankedBattle.sol
FN:163,RankedBattle.transferOwnership
FNDA:2,RankedBattle.transferOwnership
DA:164,2
BRDA:164,0,0,-
BRDA:164,0,1,-
DA:165,2
FN:172,RankedBattle.adjustAdminAccess
FNDA:3,RankedBattle.adjustAdminAccess
DA:173,3
BRDA:173,1,0,-
BRDA:173,1,1,-
DA:174,3
FN:180,RankedBattle.setGameServerAddress
FNDA:2,RankedBattle.setGameServerAddress
DA:181,2
BRDA:181,2,0,-
BRDA:181,2,1,-
DA:182,2
FN:188,RankedBattle.setStakeAtRiskAddress
FNDA:42,RankedBattle.setStakeAtRiskAddress
DA:189,42
BRDA:189,3,0,-
BRDA:189,3,1,-
DA:191,42
DA:192,41
FN:198,RankedBattle.instantiateNeuronContract
FNDA:91,RankedBattle.instantiateNeuronContract
DA:199,91
BRDA:199,4,0,-
BRDA:199,4,1,-
DA:200,91
FN:206,RankedBattle.instantiateMergingPoolContract
FNDA:41,RankedBattle.instantiateMergingPoolContract
DA:207,41
BRDA:207,5,0,-
BRDA:207,5,1,-
DA:208,41
FN:215,RankedBattle.setRankedNrnDistribution
FNDA:2,RankedBattle.setRankedNrnDistribution
DA:216,2
BRDA:216,6,0,-
BRDA:216,6,1,-
DA:217,2
FN:223,RankedBattle.setBpsLostPerLoss
FNDA:2,RankedBattle.setBpsLostPerLoss
DA:224,2
BRDA:224,7,0,-
BRDA:224,7,1,-
DA:225,2
FN:230,RankedBattle.setNewRound
FNDA:6,RankedBattle.setNewRound
DA:231,6
BRDA:231,8,0,-
BRDA:231,8,1,-
DA:233,5
BRDA:233,9,0,-
BRDA:233,9,1,-
DA:234,4
DA:236,4
DA:238,5
FN:244,RankedBattle.stakeNRN
FNDA:21,RankedBattle.stakeNRN
DA:245,21
BRDA:245,10,0,-
BRDA:245,10,1,-
DA:247,21
BRDA:247,11,0,21
BRDA:247,11,1,-
DA:248,20
BRDA:248,12,0,20
BRDA:248,12,1,-
DA:249,19
BRDA:249,13,0,-
BRDA:249,13,1,-
DA:251,18
DA:252,18
DA:253,18
BRDA:253,14,0,18
BRDA:253,14,1,-
DA:254,18
BRDA:254,15,0,18
BRDA:254,15,1,-
DA:255,18
DA:257,18
DA:258,18
DA:259,18
DA:260,18
DA:262,18
FN:269,RankedBattle.unstakeNRN
FNDA:4,RankedBattle.unstakeNRN
DA:270,4
BRDA:270,16,0,4
BRDA:270,16,1,-
DA:271,3
BRDA:271,17,0,3
BRDA:271,17,1,1
DA:272,1
DA:274,3
DA:275,3
DA:276,3
DA:277,3
DA:278,3
DA:281,3
DA:282,3
BRDA:282,18,0,3
BRDA:282,18,1,-
DA:283,3
BRDA:283,19,0,3
BRDA:283,19,1,-
DA:284,3
DA:288,3
FN:294,RankedBattle.claimNRN
FNDA:2,RankedBattle.claimNRN
DA:295,2
BRDA:295,20,0,-
BRDA:295,20,1,-
DA:296,2
DA:297,2
DA:298,2
DA:299,2
DA:300,2
DA:301,2
DA:302,2
DA:304,2
BRDA:304,21,0,2
BRDA:304,21,1,-
DA:305,2
DA:306,2
DA:307,2
FN:320,RankedBattle.updateBattleRecord
FNDA:13,RankedBattle.updateBattleRecord
DA:322,13
BRDA:322,22,0,-
BRDA:322,22,1,-
DA:323,13
BRDA:323,23,0,-
BRDA:323,23,1,-
DA:324,13
DA:326,13
BRDA:326,24,0,13
BRDA:326,24,1,-
DA:332,13
DA:334,13
DA:335,13
BRDA:335,25,0,13
BRDA:335,25,1,13
DA:336,13
DA:341,13
BRDA:341,26,0,13
BRDA:341,26,1,-
DA:342,13
DA:344,13
FN:350,RankedBattle.getBattleRecord
FNDA:1,RankedBattle.getBattleRecord
DA:351,1
FN:356,RankedBattle.getCurrentStakingData
FNDA:1,RankedBattle.getCurrentStakingData
DA:357,1
FN:367,RankedBattle.getNrnDistribution
FNDA:4,RankedBattle.getNrnDistribution
DA:368,4
FN:374,RankedBattle.getUnclaimedNRN
FNDA:1,RankedBattle.getUnclaimedNRN
DA:375,1
DA:376,1
DA:377,1
DA:378,1
DA:379,1
DA:380,1
DA:382,0
FN:402,RankedBattle._addResultPoints
FNDA:13,RankedBattle._addResultPoints
DA:403,13
DA:404,13
DA:405,13
DA:408,13
DA:411,13
BRDA:411,27,0,13
BRDA:411,27,1,-
DA:412,0
DA:413,0
DA:417,13
DA:419,13
BRDA:419,28,0,7
BRDA:419,28,1,-
DA:423,7
BRDA:423,29,0,7
BRDA:423,29,1,7
DA:424,7
DA:428,7
DA:429,7
DA:430,7
DA:433,7
BRDA:433,30,0,7
BRDA:433,30,1,7
DA:434,7
DA:439,7
BRDA:439,31,0,-
BRDA:439,31,1,-
DA:440,0
DA:441,0
DA:446,7
DA:447,7
DA:448,7
DA:449,7
BRDA:449,32,0,7
BRDA:449,32,1,7
DA:450,7
DA:452,6
BRDA:452,33,0,5
BRDA:452,33,1,-
DA:456,5
BRDA:456,34,0,5
BRDA:456,34,1,-
DA:457,0
DA:460,5
BRDA:460,35,0,-
BRDA:460,35,1,-
DA:462,0
DA:463,0
BRDA:463,36,0,-
BRDA:463,36,1,-
DA:464,0
DA:466,0
DA:467,0
DA:470,0
DA:471,0
BRDA:471,37,0,-
BRDA:471,37,1,-
DA:472,0
DA:477,5
DA:478,5
BRDA:478,38,0,5
BRDA:478,38,1,-
DA:479,5
DA:480,5
FN:489,RankedBattle._updateRecord
FNDA:13,RankedBattle._updateRecord
DA:490,13
BRDA:490,39,0,7
BRDA:490,39,1,6
DA:491,7
DA:492,6
BRDA:492,40,0,1
BRDA:492,40,1,5
DA:493,1
DA:494,5
BRDA:494,41,0,5
BRDA:494,41,1,5
DA:495,5
FN:503,RankedBattle._getStakingFactor
FNDA:21,RankedBattle._getStakingFactor
DA:504,21
DA:505,21
BRDA:505,42,0,21
BRDA:505,42,1,3
DA:506,3
DA:508,0
FNF:20
FNH:20
LF:132
LH:117
BRF:86
BRH:33
end_of_record
TN:
SF:src/StakeAtRisk.sol
FN:74,StakeAtRisk.setNewRound
FNDA:7,StakeAtRisk.setNewRound
DA:75,7
BRDA:75,0,0,-
BRDA:75,0,1,-
DA:76,6
DA:77,6
BRDA:77,1,0,6
BRDA:77,1,1,6
DA:78,6
FN:89,StakeAtRisk.reclaimNRN
FNDA:1,StakeAtRisk.reclaimNRN
DA:90,1
BRDA:90,2,0,-
BRDA:90,2,1,-
DA:91,1
BRDA:91,3,0,-
BRDA:91,3,1,-
DA:94,1
DA:95,1
BRDA:95,4,0,1
BRDA:95,4,1,1
DA:97,1
DA:98,1
DA:99,1
DA:100,1
FN:110,StakeAtRisk.updateAtRiskRecords
FNDA:6,StakeAtRisk.updateAtRiskRecords
DA:111,6
BRDA:111,5,0,-
BRDA:111,5,1,-
DA:112,6
DA:113,6
DA:114,6
DA:115,6
FN:121,StakeAtRisk.getStakeAtRisk
FNDA:48,StakeAtRisk.getStakeAtRisk
DA:122,48
FN:131,StakeAtRisk._sweepLostStake
FNDA:6,StakeAtRisk._sweepLostStake
DA:134,6
FNF:5
FNH:5
LF:19
LH:19
BRF:12
BRH:4
end_of_record
TN:
SF:src/VoltageManager.sol
FN:63,VoltageManager.transferOwnership
FNDA:2,VoltageManager.transferOwnership
DA:64,2
BRDA:64,0,0,-
BRDA:64,0,1,-
DA:65,2
FN:72,VoltageManager.adjustAdminAccess
FNDA:4,VoltageManager.adjustAdminAccess
DA:73,4
BRDA:73,1,0,-
BRDA:73,1,1,-
DA:74,4
FN:81,VoltageManager.adjustAllowedVoltageSpenders
FNDA:51,VoltageManager.adjustAllowedVoltageSpenders
DA:82,51
BRDA:82,2,0,-
BRDA:82,2,1,-
DA:83,51
FN:92,VoltageManager.useVoltageBattery
FNDA:2,VoltageManager.useVoltageBattery
DA:94,2
BRDA:94,3,0,-
BRDA:94,3,1,-
DA:96,2
BRDA:96,4,0,2
BRDA:96,4,1,-
DA:98,2
DA:99,2
DA:100,2
FN:107,VoltageManager.spendVoltage
FNDA:15,VoltageManager.spendVoltage
DA:109,15
BRDA:109,5,0,15
BRDA:109,5,1,13
DA:110,15
BRDA:110,6,0,15
BRDA:110,6,1,15
DA:111,15
DA:114,15
DA:115,15
FN:121,VoltageManager._replenishVoltage
FNDA:15,VoltageManager._replenishVoltage
DA:122,15
DA:123,15
FNF:6
FNH:6
LF:18
LH:18
BRF:14
BRH:5
end_of_record
